<?xml version="1.0" encoding="UTF-8"?>
<!-- Generated by org.testng.reporters.JUnitXMLReporter -->
<testsuite ignored="0" hostname="LAPTOP-D0222Q4F" failures="0" tests="4" name="Test" time="40.807" errors="0" timestamp="2021-07-08T15:18:03 IST">
  <testcase classname="Academy.Homepage" name="basePageNavigation" time="10.752"/>
  <testcase classname="Academy.Homepage" name="basePageNavigation" time="8.887"/>
  <testcase classname="Academy.ValidateTitle" name="validatetitle" time="0.083"/>
  <testcase classname="Academy.ValidateNavbar" name="validatenavebar" time="0.122"/>
</testsuite> <!-- Test -->
