<?xml version="1.0" encoding="UTF-8"?>
<!-- Generated by org.testng.reporters.JUnitXMLReporter -->
<testsuite ignored="0" hostname="LAPTOP-D0222Q4F" failures="1" tests="1" name="Validating title" time="11.492" errors="0" timestamp="2021-07-10T21:52:05 IST">
  <testcase classname="Academy.ValidateTitle" name="validatetitle" time="0.261">
    <failure type="java.lang.AssertionError" message="expected [FEATURED COURSES123] but found [FEATURED COURSES]">
      <![CDATA[java.lang.AssertionError: expected [FEATURED COURSES123] but found [FEATURED COURSES]
at Academy.ValidateTitle.validatetitle(ValidateTitle.java:42)
at java.base/java.util.ArrayList.forEach(ArrayList.java:1540)
... Removed 33 stack frames]]>
    </failure>
  </testcase> <!-- validatetitle -->
</testsuite> <!-- Validating title -->
