<?xml version="1.0" encoding="UTF-8"?>
<!-- Generated by org.testng.reporters.JUnitXMLReporter -->
<testsuite ignored="0" hostname="LAPTOP-D0222Q4F" failures="0" tests="4" name="Test" time="54.414" errors="0" timestamp="2021-07-10T15:41:12 IST">
  <testcase classname="Academy.Homepage" name="basePageNavigation" time="13.041"/>
  <testcase classname="Academy.Homepage" name="basePageNavigation" time="5.212"/>
  <testcase classname="Academy.ValidateTitle" name="validatetitle" time="0.29"/>
  <testcase classname="Academy.ValidateNavbar" name="validatenavebar" time="0.147"/>
</testsuite> <!-- Test -->
