<?xml version="1.0" encoding="UTF-8"?>
<testng-results ignored="0" total="4" passed="4" failed="0" skipped="0">
  <reporter-output>
  </reporter-output>
  <suite started-at="2021-07-10T16:08:49 IST" name="Suite" finished-at="2021-07-10T16:09:22 IST" duration-ms="33639">
    <groups>
    </groups>
    <test started-at="2021-07-10T16:08:49 IST" name="apptest" finished-at="2021-07-10T16:08:49 IST" duration-ms="11">
    </test> <!-- apptest -->
    <test started-at="2021-07-10T16:08:49 IST" name="Validating User login" finished-at="2021-07-10T16:09:03 IST" duration-ms="14268">
      <class name="Academy.Homepage">
        <test-method is-config="true" signature="initialize()[pri:0, instance:Academy.Homepage@d8305c2]" started-at="2021-07-10T16:08:49 IST" name="initialize" finished-at="2021-07-10T16:08:51 IST" duration-ms="2569" status="PASS">
          <reporter-output>
          </reporter-output>
        </test-method> <!-- initialize -->
        <test-method signature="basePageNavigation(java.lang.String,java.lang.String,java.lang.String)[pri:0, instance:Academy.Homepage@d8305c2]" started-at="2021-07-10T16:08:51 IST" name="basePageNavigation" data-provider="getData" finished-at="2021-07-10T16:08:58 IST" duration-ms="6934" status="PASS">
          <params>
            <param index="0">
              <value>
                <![CDATA[nonrestricteduser@qw.com]]>
              </value>
            </param>
            <param index="1">
              <value>
                <![CDATA[123456]]>
              </value>
            </param>
            <param index="2">
              <value>
                <![CDATA[nonrestricted user]]>
              </value>
            </param>
          </params>
          <reporter-output>
          </reporter-output>
        </test-method> <!-- basePageNavigation -->
        <test-method signature="basePageNavigation(java.lang.String,java.lang.String,java.lang.String)[pri:0, instance:Academy.Homepage@d8305c2]" started-at="2021-07-10T16:08:58 IST" name="basePageNavigation" data-provider="getData" finished-at="2021-07-10T16:09:03 IST" duration-ms="4294" status="PASS">
          <params>
            <param index="0">
              <value>
                <![CDATA[restricteduser@qw.com]]>
              </value>
            </param>
            <param index="1">
              <value>
                <![CDATA[123456]]>
              </value>
            </param>
            <param index="2">
              <value>
                <![CDATA[restricted user]]>
              </value>
            </param>
          </params>
          <reporter-output>
          </reporter-output>
        </test-method> <!-- basePageNavigation -->
        <test-method is-config="true" signature="tearDowm()[pri:0, instance:Academy.Homepage@d8305c2]" started-at="2021-07-10T16:09:03 IST" name="tearDowm" finished-at="2021-07-10T16:09:03 IST" duration-ms="413" status="PASS">
          <reporter-output>
          </reporter-output>
        </test-method> <!-- tearDowm -->
      </class> <!-- Academy.Homepage -->
    </test> <!-- Validating User login -->
    <test started-at="2021-07-10T16:09:03 IST" name="Validating title" finished-at="2021-07-10T16:09:15 IST" duration-ms="12304">
      <class name="Academy.ValidateTitle">
        <test-method is-config="true" signature="initialize()[pri:0, instance:Academy.ValidateTitle@fd8294b]" started-at="2021-07-10T16:09:03 IST" name="initialize" finished-at="2021-07-10T16:09:11 IST" duration-ms="7714" status="PASS">
          <reporter-output>
          </reporter-output>
        </test-method> <!-- initialize -->
        <test-method signature="validatetitle()[pri:0, instance:Academy.ValidateTitle@fd8294b]" started-at="2021-07-10T16:09:11 IST" name="validatetitle" finished-at="2021-07-10T16:09:11 IST" duration-ms="81" status="PASS">
          <reporter-output>
          </reporter-output>
        </test-method> <!-- validatetitle -->
        <test-method is-config="true" signature="tearDowm()[pri:0, instance:Academy.ValidateTitle@fd8294b]" started-at="2021-07-10T16:09:11 IST" name="tearDowm" finished-at="2021-07-10T16:09:15 IST" duration-ms="4507" status="PASS">
          <reporter-output>
          </reporter-output>
        </test-method> <!-- tearDowm -->
      </class> <!-- Academy.ValidateTitle -->
    </test> <!-- Validating title -->
    <test started-at="2021-07-10T16:09:15 IST" name="Validation nav bar" finished-at="2021-07-10T16:09:22 IST" duration-ms="7016">
      <class name="Academy.ValidateNavbar">
        <test-method is-config="true" signature="initialize()[pri:0, instance:Academy.ValidateNavbar@75c9e76b]" started-at="2021-07-10T16:09:15 IST" name="initialize" finished-at="2021-07-10T16:09:22 IST" duration-ms="6585" status="PASS">
          <reporter-output>
          </reporter-output>
        </test-method> <!-- initialize -->
        <test-method signature="validatenavebar()[pri:0, instance:Academy.ValidateNavbar@75c9e76b]" started-at="2021-07-10T16:09:22 IST" name="validatenavebar" finished-at="2021-07-10T16:09:22 IST" duration-ms="130" status="PASS">
          <reporter-output>
          </reporter-output>
        </test-method> <!-- validatenavebar -->
        <test-method is-config="true" signature="tearDowm()[pri:0, instance:Academy.ValidateNavbar@75c9e76b]" started-at="2021-07-10T16:09:22 IST" name="tearDowm" finished-at="2021-07-10T16:09:22 IST" duration-ms="299" status="PASS">
          <reporter-output>
          </reporter-output>
        </test-method> <!-- tearDowm -->
      </class> <!-- Academy.ValidateNavbar -->
    </test> <!-- Validation nav bar -->
  </suite> <!-- Suite -->
</testng-results>
